# JRE version: Java(TM) SE Runtime Environment (8.0_231-b11) (build 1.8.0_231-b11)
# Java VM: Java HotSpot(TM) 64-Bit Server VM (25.231-b11 mixed mode windows-amd64 compressed oops)
Heap:
 PSYoungGen      total 76288K, used 55357K [0x000000076b400000, 0x0000000774900000, 0x00000007c0000000)
  eden space 65536K, 84% used [0x000000076b400000,0x000000076ea0f578,0x000000076f400000)
  from space 10752K, 0% used [0x000000076fe80000,0x000000076fe80000,0x0000000770900000)
  to   space 10752K, 0% used [0x000000076f400000,0x000000076f400000,0x000000076fe80000)
 ParOldGen       total 198144K, used 41057K [0x00000006c1c00000, 0x00000006cdd80000, 0x000000076b400000)
  object space 198144K, 20% used [0x00000006c1c00000,0x00000006c4418500,0x00000006cdd80000)
 Metaspace       used 14219K, capacity 14506K, committed 14848K, reserved 1062912K
  class space    used 1704K, capacity 1780K, committed 1792K, reserved 1048576K
GC Heap History (6 events):
Event: 4.539 GC heap before
{Heap before GC invocations=1 (full 0):
 PSYoungGen      total 76288K, used 63213K [0x000000076b400000, 0x0000000770900000, 0x00000007c0000000)
  eden space 65536K, 96% used [0x000000076b400000,0x000000076f1bb528,0x000000076f400000)
  from space 10752K, 0% used [0x000000076fe80000,0x000000076fe80000,0x0000000770900000)
  to   space 10752K, 0% used [0x000000076f400000,0x000000076f400000,0x000000076fe80000)
 ParOldGen       total 175104K, used 0K [0x00000006c1c00000, 0x00000006cc700000, 0x000000076b400000)
  object space 175104K, 0% used [0x00000006c1c00000,0x00000006c1c00000,0x00000006cc700000)
 Metaspace       used 10842K, capacity 11120K, committed 11392K, reserved 1058816K
  class space    used 1302K, capacity 1359K, committed 1408K, reserved 1048576K
Event: 4.548 GC heap after
Heap after GC invocations=1 (full 0):
 PSYoungGen      total 76288K, used 1988K [0x000000076b400000, 0x0000000770900000, 0x00000007c0000000)
  eden space 65536K, 0% used [0x000000076b400000,0x000000076b400000,0x000000076f400000)
  from space 10752K, 18% used [0x000000076f400000,0x000000076f5f1250,0x000000076fe80000)
  to   space 10752K, 0% used [0x000000076fe80000,0x000000076fe80000,0x0000000770900000)
 ParOldGen       total 175104K, used 39313K [0x00000006c1c00000, 0x00000006cc700000, 0x000000076b400000)
  object space 175104K, 22% used [0x00000006c1c00000,0x00000006c4264548,0x00000006cc700000)
 Metaspace       used 10842K, capacity 11120K, committed 11392K, reserved 1058816K
  class space    used 1302K, capacity 1359K, committed 1408K, reserved 1048576K
}
Event: 4.666 GC heap before
{Heap before GC invocations=2 (full 0):
 PSYoungGen      total 76288K, used 56873K [0x000000076b400000, 0x0000000770900000, 0x00000007c0000000)
  eden space 65536K, 83% used [0x000000076b400000,0x000000076e999560,0x000000076f400000)
  from space 10752K, 18% used [0x000000076f400000,0x000000076f5f1250,0x000000076fe80000)
  to   space 10752K, 0% used [0x000000076fe80000,0x000000076fe80000,0x0000000770900000)
 ParOldGen       total 175104K, used 39313K [0x00000006c1c00000, 0x00000006cc700000, 0x000000076b400000)
  object space 175104K, 22% used [0x00000006c1c00000,0x00000006c4264548,0x00000006cc700000)
 Metaspace       used 10848K, capacity 11120K, committed 11392K, reserved 1058816K
  class space    used 1302K, capacity 1359K, committed 1408K, reserved 1048576K
Event: 4.684 GC heap after
Heap after GC invocations=2 (full 0):
 PSYoungGen      total 76288K, used 1892K [0x000000076b400000, 0x0000000774900000, 0x00000007c0000000)
  eden space 65536K, 0% used [0x000000076b400000,0x000000076b400000,0x000000076f400000)
  from space 10752K, 17% used [0x000000076fe80000,0x0000000770059250,0x0000000770900000)
  to   space 10752K, 0% used [0x000000076f400000,0x000000076f400000,0x000000076fe80000)
 ParOldGen       total 175104K, used 117931K [0x00000006c1c00000, 0x00000006cc700000, 0x000000076b400000)
  object space 175104K, 67% used [0x00000006c1c00000,0x00000006c8f2afd8,0x00000006cc700000)
 Metaspace       used 10848K, capacity 11120K, committed 11392K, reserved 1058816K
  class space    used 1302K, capacity 1359K, committed 1408K, reserved 1048576K
}
Event: 4.684 GC heap before
{Heap before GC invocations=3 (full 1):
 PSYoungGen      total 76288K, used 1892K [0x000000076b400000, 0x0000000774900000, 0x00000007c0000000)
  eden space 65536K, 0% used [0x000000076b400000,0x000000076b400000,0x000000076f400000)
  from space 10752K, 17% used [0x000000076fe80000,0x0000000770059250,0x0000000770900000)
  to   space 10752K, 0% used [0x000000076f400000,0x000000076f400000,0x000000076fe80000)
 ParOldGen       total 175104K, used 117931K [0x00000006c1c00000, 0x00000006cc700000, 0x000000076b400000)
  object space 175104K, 67% used [0x00000006c1c00000,0x00000006c8f2afd8,0x00000006cc700000)
 Metaspace       used 10848K, capacity 11120K, committed 11392K, reserved 1058816K
  class space    used 1302K, capacity 1359K, committed 1408K, reserved 1048576K
Event: 4.697 GC heap after
Heap after GC invocations=3 (full 1):
 PSYoungGen      total 76288K, used 0K [0x000000076b400000, 0x0000000774900000, 0x00000007c0000000)
  eden space 65536K, 0% used [0x000000076b400000,0x000000076b400000,0x000000076f400000)
  from space 10752K, 0% used [0x000000076fe80000,0x000000076fe80000,0x0000000770900000)
  to   space 10752K, 0% used [0x000000076f400000,0x000000076f400000,0x000000076fe80000)
 ParOldGen       total 198144K, used 41057K [0x00000006c1c00000, 0x00000006cdd80000, 0x000000076b400000)
  object space 198144K, 20% used [0x00000006c1c00000,0x00000006c4418500,0x00000006cdd80000)
 Metaspace       used 10848K, capacity 11120K, committed 11392K, reserved 1058816K
  class space    used 1302K, capacity 1359K, committed 1408K, reserved 1048576K
}

