# JRE version: Java(TM) SE Runtime Environment (8.0_231-b11) (build 1.8.0_231-b11)
# Java VM: Java HotSpot(TM) 64-Bit Server VM (25.231-b11 mixed mode windows-amd64 compressed oops)
Heap:
 PSYoungGen      total 295936K, used 89653K [0x000000076b400000, 0x0000000782c00000, 0x00000007c0000000)
  eden space 222208K, 8% used [0x000000076b400000,0x000000076c5cf5b8,0x0000000778d00000)
  from space 73728K, 96% used [0x0000000778d00000,0x000000077d2be0c0,0x000000077d500000)
  to   space 67584K, 0% used [0x000000077d500000,0x000000077d500000,0x0000000781700000)
 ParOldGen       total 230400K, used 124546K [0x00000006c1c00000, 0x00000006cfd00000, 0x000000076b400000)
  object space 230400K, 54% used [0x00000006c1c00000,0x00000006c95a08e0,0x00000006cfd00000)
 Metaspace       used 20295K, capacity 20726K, committed 20992K, reserved 1067008K
  class space    used 2353K, capacity 2446K, committed 2560K, reserved 1048576K
GC Heap History (10 events):
Event: 15.762 GC heap before
{Heap before GC invocations=5 (full 1):
 PSYoungGen      total 76288K, used 74671K [0x000000076b400000, 0x0000000774380000, 0x00000007c0000000)
  eden space 65536K, 100% used [0x000000076b400000,0x000000076f400000,0x000000076f400000)
  from space 10752K, 84% used [0x000000076f400000,0x000000076fcebed8,0x000000076fe80000)
  to   space 10752K, 0% used [0x0000000773900000,0x0000000773900000,0x0000000774380000)
 ParOldGen       total 199680K, used 80370K [0x00000006c1c00000, 0x00000006cdf00000, 0x000000076b400000)
  object space 199680K, 40% used [0x00000006c1c00000,0x00000006c6a7ca08,0x00000006cdf00000)
 Metaspace       used 17292K, capacity 17590K, committed 17792K, reserved 1064960K
  class space    used 2052K, capacity 2140K, committed 2176K, reserved 1048576K
Event: 15.767 GC heap after
Heap after GC invocations=5 (full 1):
 PSYoungGen      total 134144K, used 10747K [0x000000076b400000, 0x0000000774380000, 0x00000007c0000000)
  eden space 123392K, 0% used [0x000000076b400000,0x000000076b400000,0x0000000772c80000)
  from space 10752K, 99% used [0x0000000773900000,0x000000077437ee78,0x0000000774380000)
  to   space 10752K, 0% used [0x0000000772e80000,0x0000000772e80000,0x0000000773900000)
 ParOldGen       total 199680K, used 103846K [0x00000006c1c00000, 0x00000006cdf00000, 0x000000076b400000)
  object space 199680K, 52% used [0x00000006c1c00000,0x00000006c8169b58,0x00000006cdf00000)
 Metaspace       used 17292K, capacity 17590K, committed 17792K, reserved 1064960K
  class space    used 2052K, capacity 2140K, committed 2176K, reserved 1048576K
}
Event: 223.512 GC heap before
{Heap before GC invocations=6 (full 1):
 PSYoungGen      total 134144K, used 134139K [0x000000076b400000, 0x0000000774380000, 0x00000007c0000000)
  eden space 123392K, 100% used [0x000000076b400000,0x0000000772c80000,0x0000000772c80000)
  from space 10752K, 99% used [0x0000000773900000,0x000000077437ee78,0x0000000774380000)
  to   space 10752K, 0% used [0x0000000772e80000,0x0000000772e80000,0x0000000773900000)
 ParOldGen       total 199680K, used 103846K [0x00000006c1c00000, 0x00000006cdf00000, 0x000000076b400000)
  object space 199680K, 52% used [0x00000006c1c00000,0x00000006c8169b58,0x00000006cdf00000)
 Metaspace       used 19331K, capacity 19708K, committed 20096K, reserved 1067008K
  class space    used 2255K, capacity 2345K, committed 2432K, reserved 1048576K
Event: 223.523 GC heap after
Heap after GC invocations=6 (full 1):
 PSYoungGen      total 136192K, used 10738K [0x000000076b400000, 0x0000000781700000, 0x00000007c0000000)
  eden space 125440K, 0% used [0x000000076b400000,0x000000076b400000,0x0000000772e80000)
  from space 10752K, 99% used [0x0000000772e80000,0x00000007738fcbc0,0x0000000773900000)
  to   space 67584K, 0% used [0x000000077d500000,0x000000077d500000,0x0000000781700000)
 ParOldGen       total 199680K, used 162351K [0x00000006c1c00000, 0x00000006cdf00000, 0x000000076b400000)
  object space 199680K, 81% used [0x00000006c1c00000,0x00000006cba8bcb0,0x00000006cdf00000)
 Metaspace       used 19331K, capacity 19708K, committed 20096K, reserved 1067008K
  class space    used 2255K, capacity 2345K, committed 2432K, reserved 1048576K
}
Event: 223.523 GC heap before
{Heap before GC invocations=7 (full 2):
 PSYoungGen      total 136192K, used 10738K [0x000000076b400000, 0x0000000781700000, 0x00000007c0000000)
  eden space 125440K, 0% used [0x000000076b400000,0x000000076b400000,0x0000000772e80000)
  from space 10752K, 99% used [0x0000000772e80000,0x00000007738fcbc0,0x0000000773900000)
  to   space 67584K, 0% used [0x000000077d500000,0x000000077d500000,0x0000000781700000)
 ParOldGen       total 199680K, used 162351K [0x00000006c1c00000, 0x00000006cdf00000, 0x000000076b400000)
  object space 199680K, 81% used [0x00000006c1c00000,0x00000006cba8bcb0,0x00000006cdf00000)
 Metaspace       used 19331K, capacity 19708K, committed 20096K, reserved 1067008K
  class space    used 2255K, capacity 2345K, committed 2432K, reserved 1048576K
Event: 223.548 GC heap after
Heap after GC invocations=7 (full 2):
 PSYoungGen      total 136192K, used 0K [0x000000076b400000, 0x0000000781700000, 0x00000007c0000000)
  eden space 125440K, 0% used [0x000000076b400000,0x000000076b400000,0x0000000772e80000)
  from space 10752K, 0% used [0x0000000772e80000,0x0000000772e80000,0x0000000773900000)
  to   space 67584K, 0% used [0x000000077d500000,0x000000077d500000,0x0000000781700000)
 ParOldGen       total 230400K, used 67058K [0x00000006c1c00000, 0x00000006cfd00000, 0x000000076b400000)
  object space 230400K, 29% used [0x00000006c1c00000,0x00000006c5d7c9a0,0x00000006cfd00000)
 Metaspace       used 19331K, capacity 19708K, committed 20096K, reserved 1067008K
  class space    used 2255K, capacity 2345K, committed 2432K, reserved 1048576K
}
Event: 235.686 GC heap before
{Heap before GC invocations=8 (full 2):
 PSYoungGen      total 136192K, used 121646K [0x000000076b400000, 0x0000000781700000, 0x00000007c0000000)
  eden space 125440K, 96% used [0x000000076b400000,0x0000000772acb980,0x0000000772e80000)
  from space 10752K, 0% used [0x0000000772e80000,0x0000000772e80000,0x0000000773900000)
  to   space 67584K, 0% used [0x000000077d500000,0x000000077d500000,0x0000000781700000)
 ParOldGen       total 230400K, used 67058K [0x00000006c1c00000, 0x00000006cfd00000, 0x000000076b400000)
  object space 230400K, 29% used [0x00000006c1c00000,0x00000006c5d7c9a0,0x00000006cfd00000)
 Metaspace       used 20108K, capacity 20470K, committed 20736K, reserved 1067008K
  class space    used 2347K, capacity 2446K, committed 2560K, reserved 1048576K
Event: 235.693 GC heap after
Heap after GC invocations=8 (full 2):
 PSYoungGen      total 289792K, used 46893K [0x000000076b400000, 0x0000000782c00000, 0x00000007c0000000)
  eden space 222208K, 0% used [0x000000076b400000,0x000000076b400000,0x0000000778d00000)
  from space 67584K, 69% used [0x000000077d500000,0x00000007802cb4f0,0x0000000781700000)
  to   space 73728K, 0% used [0x0000000778d00000,0x0000000778d00000,0x000000077d500000)
 ParOldGen       total 230400K, used 67066K [0x00000006c1c00000, 0x00000006cfd00000, 0x000000076b400000)
  object space 230400K, 29% used [0x00000006c1c00000,0x00000006c5d7e9a0,0x00000006cfd00000)
 Metaspace       used 20108K, capacity 20470K, committed 20736K, reserved 1067008K
  class space    used 2347K, capacity 2446K, committed 2560K, reserved 1048576K
}
Event: 269.124 GC heap before
{Heap before GC invocations=9 (full 2):
 PSYoungGen      total 289792K, used 267334K [0x000000076b400000, 0x0000000782c00000, 0x00000007c0000000)
  eden space 222208K, 99% used [0x000000076b400000,0x0000000778b46448,0x0000000778d00000)
  from space 67584K, 69% used [0x000000077d500000,0x00000007802cb4f0,0x0000000781700000)
  to   space 73728K, 0% used [0x0000000778d00000,0x0000000778d00000,0x000000077d500000)
 ParOldGen       total 230400K, used 67066K [0x00000006c1c00000, 0x00000006cfd00000, 0x000000076b400000)
  object space 230400K, 29% used [0x00000006c1c00000,0x00000006c5d7e9a0,0x00000006cfd00000)
 Metaspace       used 20277K, capacity 20726K, committed 20992K, reserved 1067008K
  class space    used 2353K, capacity 2446K, committed 2560K, reserved 1048576K
Event: 269.140 GC heap after
Heap after GC invocations=9 (full 2):
 PSYoungGen      total 295936K, used 71416K [0x000000076b400000, 0x0000000782c00000, 0x00000007c0000000)
  eden space 222208K, 0% used [0x000000076b400000,0x000000076b400000,0x0000000778d00000)
  from space 73728K, 96% used [0x0000000778d00000,0x000000077d2be0c0,0x000000077d500000)
  to   space 67584K, 0% used [0x000000077d500000,0x000000077d500000,0x0000000781700000)
 ParOldGen       total 230400K, used 124546K [0x00000006c1c00000, 0x00000006cfd00000, 0x000000076b400000)
  object space 230400K, 54% used [0x00000006c1c00000,0x00000006c95a08e0,0x00000006cfd00000)
 Metaspace       used 20277K, capacity 20726K, committed 20992K, reserved 1067008K
  class space    used 2353K, capacity 2446K, committed 2560K, reserved 1048576K
}

