# JRE version: Java(TM) SE Runtime Environment (8.0_231-b11) (build 1.8.0_231-b11)
# Java VM: Java HotSpot(TM) 64-Bit Server VM (25.231-b11 mixed mode windows-amd64 compressed oops)
Heap:
 PSYoungGen      total 134656K, used 76388K [0x000000076b400000, 0x0000000774380000, 0x00000007c0000000)
  eden space 123904K, 52% used [0x000000076b400000,0x000000076f41f1f8,0x0000000772d00000)
  from space 10752K, 99% used [0x0000000773900000,0x000000077437a1e0,0x0000000774380000)
  to   space 10752K, 0% used [0x0000000772e80000,0x0000000772e80000,0x0000000773900000)
 ParOldGen       total 199680K, used 95272K [0x00000006c1c00000, 0x00000006cdf00000, 0x000000076b400000)
  object space 199680K, 47% used [0x00000006c1c00000,0x00000006c790a0b8,0x00000006cdf00000)
 Metaspace       used 19506K, capacity 19916K, committed 20096K, reserved 1067008K
  class space    used 2296K, capacity 2413K, committed 2432K, reserved 1048576K
GC Heap History (10 events):
Event: 5.146 GC heap before
{Heap before GC invocations=1 (full 0):
 PSYoungGen      total 76288K, used 63223K [0x000000076b400000, 0x0000000770900000, 0x00000007c0000000)
  eden space 65536K, 96% used [0x000000076b400000,0x000000076f1bdcc8,0x000000076f400000)
  from space 10752K, 0% used [0x000000076fe80000,0x000000076fe80000,0x0000000770900000)
  to   space 10752K, 0% used [0x000000076f400000,0x000000076f400000,0x000000076fe80000)
 ParOldGen       total 175104K, used 0K [0x00000006c1c00000, 0x00000006cc700000, 0x000000076b400000)
  object space 175104K, 0% used [0x00000006c1c00000,0x00000006c1c00000,0x00000006cc700000)
 Metaspace       used 10862K, capacity 11152K, committed 11392K, reserved 1058816K
  class space    used 1303K, capacity 1391K, committed 1408K, reserved 1048576K
Event: 5.157 GC heap after
Heap after GC invocations=1 (full 0):
 PSYoungGen      total 76288K, used 1972K [0x000000076b400000, 0x0000000770900000, 0x00000007c0000000)
  eden space 65536K, 0% used [0x000000076b400000,0x000000076b400000,0x000000076f400000)
  from space 10752K, 18% used [0x000000076f400000,0x000000076f5ed260,0x000000076fe80000)
  to   space 10752K, 0% used [0x000000076fe80000,0x000000076fe80000,0x0000000770900000)
 ParOldGen       total 175104K, used 39313K [0x00000006c1c00000, 0x00000006cc700000, 0x000000076b400000)
  object space 175104K, 22% used [0x00000006c1c00000,0x00000006c4264548,0x00000006cc700000)
 Metaspace       used 10862K, capacity 11152K, committed 11392K, reserved 1058816K
  class space    used 1303K, capacity 1391K, committed 1408K, reserved 1048576K
}
Event: 5.297 GC heap before
{Heap before GC invocations=2 (full 0):
 PSYoungGen      total 76288K, used 56861K [0x000000076b400000, 0x0000000770900000, 0x00000007c0000000)
  eden space 65536K, 83% used [0x000000076b400000,0x000000076e99a280,0x000000076f400000)
  from space 10752K, 18% used [0x000000076f400000,0x000000076f5ed260,0x000000076fe80000)
  to   space 10752K, 0% used [0x000000076fe80000,0x000000076fe80000,0x0000000770900000)
 ParOldGen       total 175104K, used 39313K [0x00000006c1c00000, 0x00000006cc700000, 0x000000076b400000)
  object space 175104K, 22% used [0x00000006c1c00000,0x00000006c4264548,0x00000006cc700000)
 Metaspace       used 10868K, capacity 11152K, committed 11392K, reserved 1058816K
  class space    used 1303K, capacity 1391K, committed 1408K, reserved 1048576K
Event: 5.313 GC heap after
Heap after GC invocations=2 (full 0):
 PSYoungGen      total 76288K, used 1892K [0x000000076b400000, 0x0000000774900000, 0x00000007c0000000)
  eden space 65536K, 0% used [0x000000076b400000,0x000000076b400000,0x000000076f400000)
  from space 10752K, 17% used [0x000000076fe80000,0x0000000770059250,0x0000000770900000)
  to   space 10752K, 0% used [0x000000076f400000,0x000000076f400000,0x000000076fe80000)
 ParOldGen       total 175104K, used 117931K [0x00000006c1c00000, 0x00000006cc700000, 0x000000076b400000)
  object space 175104K, 67% used [0x00000006c1c00000,0x00000006c8f2afd8,0x00000006cc700000)
 Metaspace       used 10868K, capacity 11152K, committed 11392K, reserved 1058816K
  class space    used 1303K, capacity 1391K, committed 1408K, reserved 1048576K
}
Event: 5.313 GC heap before
{Heap before GC invocations=3 (full 1):
 PSYoungGen      total 76288K, used 1892K [0x000000076b400000, 0x0000000774900000, 0x00000007c0000000)
  eden space 65536K, 0% used [0x000000076b400000,0x000000076b400000,0x000000076f400000)
  from space 10752K, 17% used [0x000000076fe80000,0x0000000770059250,0x0000000770900000)
  to   space 10752K, 0% used [0x000000076f400000,0x000000076f400000,0x000000076fe80000)
 ParOldGen       total 175104K, used 117931K [0x00000006c1c00000, 0x00000006cc700000, 0x000000076b400000)
  object space 175104K, 67% used [0x00000006c1c00000,0x00000006c8f2afd8,0x00000006cc700000)
 Metaspace       used 10868K, capacity 11152K, committed 11392K, reserved 1058816K
  class space    used 1303K, capacity 1391K, committed 1408K, reserved 1048576K
Event: 5.332 GC heap after
Heap after GC invocations=3 (full 1):
 PSYoungGen      total 76288K, used 0K [0x000000076b400000, 0x0000000774900000, 0x00000007c0000000)
  eden space 65536K, 0% used [0x000000076b400000,0x000000076b400000,0x000000076f400000)
  from space 10752K, 0% used [0x000000076fe80000,0x000000076fe80000,0x0000000770900000)
  to   space 10752K, 0% used [0x000000076f400000,0x000000076f400000,0x000000076fe80000)
 ParOldGen       total 199680K, used 41055K [0x00000006c1c00000, 0x00000006cdf00000, 0x000000076b400000)
  object space 199680K, 20% used [0x00000006c1c00000,0x00000006c4417dc8,0x00000006cdf00000)
 Metaspace       used 10868K, capacity 11152K, committed 11392K, reserved 1058816K
  class space    used 1303K, capacity 1391K, committed 1408K, reserved 1048576K
}
Event: 8.868 GC heap before
{Heap before GC invocations=4 (full 1):
 PSYoungGen      total 76288K, used 65536K [0x000000076b400000, 0x0000000774900000, 0x00000007c0000000)
  eden space 65536K, 100% used [0x000000076b400000,0x000000076f400000,0x000000076f400000)
  from space 10752K, 0% used [0x000000076fe80000,0x000000076fe80000,0x0000000770900000)
  to   space 10752K, 0% used [0x000000076f400000,0x000000076f400000,0x000000076fe80000)
 ParOldGen       total 199680K, used 41055K [0x00000006c1c00000, 0x00000006cdf00000, 0x000000076b400000)
  object space 199680K, 20% used [0x00000006c1c00000,0x00000006c4417dc8,0x00000006cdf00000)
 Metaspace       used 14479K, capacity 14794K, committed 15232K, reserved 1062912K
  class space    used 1717K, capacity 1812K, committed 1920K, reserved 1048576K
Event: 8.873 GC heap after
Heap after GC invocations=4 (full 1):
 PSYoungGen      total 76288K, used 7807K [0x000000076b400000, 0x0000000774380000, 0x00000007c0000000)
  eden space 65536K, 0% used [0x000000076b400000,0x000000076b400000,0x000000076f400000)
  from space 10752K, 72% used [0x000000076f400000,0x000000076fb9ffc0,0x000000076fe80000)
  to   space 10752K, 0% used [0x0000000773900000,0x0000000773900000,0x0000000774380000)
 ParOldGen       total 199680K, used 80368K [0x00000006c1c00000, 0x00000006cdf00000, 0x000000076b400000)
  object space 199680K, 40% used [0x00000006c1c00000,0x00000006c6a7c310,0x00000006cdf00000)
 Metaspace       used 14479K, capacity 14794K, committed 15232K, reserved 1062912K
  class space    used 1717K, capacity 1812K, committed 1920K, reserved 1048576K
}
Event: 62.520 GC heap before
{Heap before GC invocations=5 (full 1):
 PSYoungGen      total 76288K, used 71365K [0x000000076b400000, 0x0000000774380000, 0x00000007c0000000)
  eden space 65536K, 96% used [0x000000076b400000,0x000000076f211550,0x000000076f400000)
  from space 10752K, 72% used [0x000000076f400000,0x000000076fb9ffc0,0x000000076fe80000)
  to   space 10752K, 0% used [0x0000000773900000,0x0000000773900000,0x0000000774380000)
 ParOldGen       total 199680K, used 80368K [0x00000006c1c00000, 0x00000006cdf00000, 0x000000076b400000)
  object space 199680K, 40% used [0x00000006c1c00000,0x00000006c6a7c310,0x00000006cdf00000)
 Metaspace       used 18229K, capacity 18534K, committed 18944K, reserved 1067008K
  class space    used 2151K, capacity 2238K, committed 2304K, reserved 1048576K
Event: 62.525 GC heap after
Heap after GC invocations=5 (full 1):
 PSYoungGen      total 134656K, used 10728K [0x000000076b400000, 0x0000000774380000, 0x00000007c0000000)
  eden space 123904K, 0% used [0x000000076b400000,0x000000076b400000,0x0000000772d00000)
  from space 10752K, 99% used [0x0000000773900000,0x000000077437a1e0,0x0000000774380000)
  to   space 10752K, 0% used [0x0000000772e80000,0x0000000772e80000,0x0000000773900000)
 ParOldGen       total 199680K, used 95272K [0x00000006c1c00000, 0x00000006cdf00000, 0x000000076b400000)
  object space 199680K, 47% used [0x00000006c1c00000,0x00000006c790a0b8,0x00000006cdf00000)
 Metaspace       used 18229K, capacity 18534K, committed 18944K, reserved 1067008K
  class space    used 2151K, capacity 2238K, committed 2304K, reserved 1048576K
}

