# JRE version: Java(TM) SE Runtime Environment (8.0_231-b11) (build 1.8.0_231-b11)
# Java VM: Java HotSpot(TM) 64-Bit Server VM (25.231-b11 mixed mode windows-amd64 compressed oops)
Heap:
 PSYoungGen      total 162816K, used 124796K [0x000000076b400000, 0x000000077ba80000, 0x00000007c0000000)
  eden space 74240K, 51% used [0x000000076b400000,0x000000076d98cf20,0x000000076fc80000)
  from space 88576K, 97% used [0x000000076fc80000,0x00000007750d22a8,0x0000000775300000)
  to   space 69120K, 0% used [0x0000000775300000,0x0000000775300000,0x0000000779680000)
 ParOldGen       total 275968K, used 137171K [0x00000006c1c00000, 0x00000006d2980000, 0x000000076b400000)
  object space 275968K, 49% used [0x00000006c1c00000,0x00000006ca1f4f90,0x00000006d2980000)
 Metaspace       used 19648K, capacity 19980K, committed 20352K, reserved 1067008K
  class space    used 2239K, capacity 2335K, committed 2432K, reserved 1048576K
GC Heap History (10 events):
Event: 285.272 GC heap before
{Heap before GC invocations=22 (full 2):
 PSYoungGen      total 153600K, used 152679K [0x000000076b400000, 0x0000000779680000, 0x00000007c0000000)
  eden space 93696K, 99% used [0x000000076b400000,0x0000000770f0de08,0x0000000770f80000)
  from space 59904K, 99% used [0x0000000771200000,0x0000000774c0c010,0x0000000774c80000)
  to   space 69120K, 0% used [0x0000000775300000,0x0000000775300000,0x0000000779680000)
 ParOldGen       total 266240K, used 164090K [0x00000006c1c00000, 0x00000006d2000000, 0x000000076b400000)
  object space 266240K, 61% used [0x00000006c1c00000,0x00000006cbc3ea70,0x00000006d2000000)
 Metaspace       used 19509K, capacity 19852K, committed 20352K, reserved 1067008K
  class space    used 2235K, capacity 2335K, committed 2432K, reserved 1048576K
Event: 285.283 GC heap after
Heap after GC invocations=22 (full 2):
 PSYoungGen      total 162816K, used 68634K [0x000000076b400000, 0x0000000779680000, 0x00000007c0000000)
  eden space 93696K, 0% used [0x000000076b400000,0x000000076b400000,0x0000000770f80000)
  from space 69120K, 99% used [0x0000000775300000,0x0000000779606ac0,0x0000000779680000)
  to   space 59904K, 0% used [0x0000000771200000,0x0000000771200000,0x0000000774c80000)
 ParOldGen       total 266240K, used 180898K [0x00000006c1c00000, 0x00000006d2000000, 0x000000076b400000)
  object space 266240K, 67% used [0x00000006c1c00000,0x00000006ccca8b80,0x00000006d2000000)
 Metaspace       used 19509K, capacity 19852K, committed 20352K, reserved 1067008K
  class space    used 2235K, capacity 2335K, committed 2432K, reserved 1048576K
}
Event: 303.028 GC heap before
{Heap before GC invocations=23 (full 2):
 PSYoungGen      total 162816K, used 162330K [0x000000076b400000, 0x0000000779680000, 0x00000007c0000000)
  eden space 93696K, 100% used [0x000000076b400000,0x0000000770f80000,0x0000000770f80000)
  from space 69120K, 99% used [0x0000000775300000,0x0000000779606ac0,0x0000000779680000)
  to   space 59904K, 0% used [0x0000000771200000,0x0000000771200000,0x0000000774c80000)
 ParOldGen       total 266240K, used 180898K [0x00000006c1c00000, 0x00000006d2000000, 0x000000076b400000)
  object space 266240K, 67% used [0x00000006c1c00000,0x00000006ccca8b80,0x00000006d2000000)
 Metaspace       used 19575K, capacity 19980K, committed 20352K, reserved 1067008K
  class space    used 2235K, capacity 2335K, committed 2432K, reserved 1048576K
Event: 303.037 GC heap after
Heap after GC invocations=23 (full 2):
 PSYoungGen      total 153600K, used 59855K [0x000000076b400000, 0x0000000779680000, 0x00000007c0000000)
  eden space 93696K, 0% used [0x000000076b400000,0x000000076b400000,0x0000000770f80000)
  from space 59904K, 99% used [0x0000000771200000,0x0000000774c73ca0,0x0000000774c80000)
  to   space 69120K, 0% used [0x0000000775300000,0x0000000775300000,0x0000000779680000)
 ParOldGen       total 266240K, used 193930K [0x00000006c1c00000, 0x00000006d2000000, 0x000000076b400000)
  object space 266240K, 72% used [0x00000006c1c00000,0x00000006cd962ae0,0x00000006d2000000)
 Metaspace       used 19575K, capacity 19980K, committed 20352K, reserved 1067008K
  class space    used 2235K, capacity 2335K, committed 2432K, reserved 1048576K
}
Event: 308.111 GC heap before
{Heap before GC invocations=24 (full 2):
 PSYoungGen      total 153600K, used 144713K [0x000000076b400000, 0x0000000779680000, 0x00000007c0000000)
  eden space 93696K, 90% used [0x000000076b400000,0x00000007706de878,0x0000000770f80000)
  from space 59904K, 99% used [0x0000000771200000,0x0000000774c73ca0,0x0000000774c80000)
  to   space 69120K, 0% used [0x0000000775300000,0x0000000775300000,0x0000000779680000)
 ParOldGen       total 266240K, used 193930K [0x00000006c1c00000, 0x00000006d2000000, 0x000000076b400000)
  object space 266240K, 72% used [0x00000006c1c00000,0x00000006cd962ae0,0x00000006d2000000)
 Metaspace       used 19626K, capacity 19980K, committed 20352K, reserved 1067008K
  class space    used 2238K, capacity 2335K, committed 2432K, reserved 1048576K
Event: 308.125 GC heap after
Heap after GC invocations=24 (full 2):
 PSYoungGen      total 143360K, used 55315K [0x000000076b400000, 0x000000077ba80000, 0x00000007c0000000)
  eden space 74240K, 0% used [0x000000076b400000,0x000000076b400000,0x000000076fc80000)
  from space 69120K, 80% used [0x0000000775300000,0x0000000778904db8,0x0000000779680000)
  to   space 88576K, 0% used [0x000000076fc80000,0x000000076fc80000,0x0000000775300000)
 ParOldGen       total 266240K, used 255750K [0x00000006c1c00000, 0x00000006d2000000, 0x000000076b400000)
  object space 266240K, 96% used [0x00000006c1c00000,0x00000006d15c1b98,0x00000006d2000000)
 Metaspace       used 19626K, capacity 19980K, committed 20352K, reserved 1067008K
  class space    used 2238K, capacity 2335K, committed 2432K, reserved 1048576K
}
Event: 308.125 GC heap before
{Heap before GC invocations=25 (full 3):
 PSYoungGen      total 143360K, used 55315K [0x000000076b400000, 0x000000077ba80000, 0x00000007c0000000)
  eden space 74240K, 0% used [0x000000076b400000,0x000000076b400000,0x000000076fc80000)
  from space 69120K, 80% used [0x0000000775300000,0x0000000778904db8,0x0000000779680000)
  to   space 88576K, 0% used [0x000000076fc80000,0x000000076fc80000,0x0000000775300000)
 ParOldGen       total 266240K, used 255750K [0x00000006c1c00000, 0x00000006d2000000, 0x000000076b400000)
  object space 266240K, 96% used [0x00000006c1c00000,0x00000006d15c1b98,0x00000006d2000000)
 Metaspace       used 19626K, capacity 19980K, committed 20352K, reserved 1067008K
  class space    used 2238K, capacity 2335K, committed 2432K, reserved 1048576K
Event: 308.161 GC heap after
Heap after GC invocations=25 (full 3):
 PSYoungGen      total 143360K, used 0K [0x000000076b400000, 0x000000077ba80000, 0x00000007c0000000)
  eden space 74240K, 0% used [0x000000076b400000,0x000000076b400000,0x000000076fc80000)
  from space 69120K, 0% used [0x0000000775300000,0x0000000775300000,0x0000000779680000)
  to   space 88576K, 0% used [0x000000076fc80000,0x000000076fc80000,0x0000000775300000)
 ParOldGen       total 275968K, used 122353K [0x00000006c1c00000, 0x00000006d2980000, 0x000000076b400000)
  object space 275968K, 44% used [0x00000006c1c00000,0x00000006c937c600,0x00000006d2980000)
 Metaspace       used 19626K, capacity 19980K, committed 20352K, reserved 1067008K
  class space    used 2238K, capacity 2335K, committed 2432K, reserved 1048576K
}
Event: 308.391 GC heap before
{Heap before GC invocations=26 (full 3):
 PSYoungGen      total 143360K, used 72684K [0x000000076b400000, 0x000000077ba80000, 0x00000007c0000000)
  eden space 74240K, 97% used [0x000000076b400000,0x000000076fafb2d0,0x000000076fc80000)
  from space 69120K, 0% used [0x0000000775300000,0x0000000775300000,0x0000000779680000)
  to   space 88576K, 0% used [0x000000076fc80000,0x000000076fc80000,0x0000000775300000)
 ParOldGen       total 275968K, used 122353K [0x00000006c1c00000, 0x00000006d2980000, 0x000000076b400000)
  object space 275968K, 44% used [0x00000006c1c00000,0x00000006c937c600,0x00000006d2980000)
 Metaspace       used 19648K, capacity 19980K, committed 20352K, reserved 1067008K
  class space    used 2239K, capacity 2335K, committed 2432K, reserved 1048576K
Event: 308.401 GC heap after
Heap after GC invocations=26 (full 3):
 PSYoungGen      total 162816K, used 86344K [0x000000076b400000, 0x000000077ba80000, 0x00000007c0000000)
  eden space 74240K, 0% used [0x000000076b400000,0x000000076b400000,0x000000076fc80000)
  from space 88576K, 97% used [0x000000076fc80000,0x00000007750d22a8,0x0000000775300000)
  to   space 69120K, 0% used [0x0000000775300000,0x0000000775300000,0x0000000779680000)
 ParOldGen       total 275968K, used 137171K [0x00000006c1c00000, 0x00000006d2980000, 0x000000076b400000)
  object space 275968K, 49% used [0x00000006c1c00000,0x00000006ca1f4f90,0x00000006d2980000)
 Metaspace       used 19648K, capacity 19980K, committed 20352K, reserved 1067008K
  class space    used 2239K, capacity 2335K, committed 2432K, reserved 1048576K
}

