# JRE version: Java(TM) SE Runtime Environment (8.0_231-b11) (build 1.8.0_231-b11)
# Java VM: Java HotSpot(TM) 64-Bit Server VM (25.231-b11 mixed mode windows-amd64 compressed oops)
Heap:
 PSYoungGen      total 76288K, used 22298K [0x000000076b400000, 0x0000000774400000, 0x00000007c0000000)
  eden space 65536K, 20% used [0x000000076b400000,0x000000076c14e948,0x000000076f400000)
  from space 10752K, 80% used [0x000000076f400000,0x000000076fc77f28,0x000000076fe80000)
  to   space 10752K, 0% used [0x0000000773980000,0x0000000773980000,0x0000000774400000)
 ParOldGen       total 199168K, used 80372K [0x00000006c1c00000, 0x00000006cde80000, 0x000000076b400000)
  object space 199168K, 40% used [0x00000006c1c00000,0x00000006c6a7d228,0x00000006cde80000)
 Metaspace       used 14612K, capacity 14922K, committed 15232K, reserved 1062912K
  class space    used 1736K, capacity 1812K, committed 1920K, reserved 1048576K
GC Heap History (8 events):
Event: 4.524 GC heap before
{Heap before GC invocations=1 (full 0):
 PSYoungGen      total 76288K, used 63213K [0x000000076b400000, 0x0000000770900000, 0x00000007c0000000)
  eden space 65536K, 96% used [0x000000076b400000,0x000000076f1bb540,0x000000076f400000)
  from space 10752K, 0% used [0x000000076fe80000,0x000000076fe80000,0x0000000770900000)
  to   space 10752K, 0% used [0x000000076f400000,0x000000076f400000,0x000000076fe80000)
 ParOldGen       total 175104K, used 0K [0x00000006c1c00000, 0x00000006cc700000, 0x000000076b400000)
  object space 175104K, 0% used [0x00000006c1c00000,0x00000006c1c00000,0x00000006cc700000)
 Metaspace       used 10845K, capacity 11152K, committed 11392K, reserved 1058816K
  class space    used 1312K, capacity 1391K, committed 1408K, reserved 1048576K
Event: 4.533 GC heap after
Heap after GC invocations=1 (full 0):
 PSYoungGen      total 76288K, used 1972K [0x000000076b400000, 0x0000000770900000, 0x00000007c0000000)
  eden space 65536K, 0% used [0x000000076b400000,0x000000076b400000,0x000000076f400000)
  from space 10752K, 18% used [0x000000076f400000,0x000000076f5ed260,0x000000076fe80000)
  to   space 10752K, 0% used [0x000000076fe80000,0x000000076fe80000,0x0000000770900000)
 ParOldGen       total 175104K, used 39313K [0x00000006c1c00000, 0x00000006cc700000, 0x000000076b400000)
  object space 175104K, 22% used [0x00000006c1c00000,0x00000006c4264548,0x00000006cc700000)
 Metaspace       used 10845K, capacity 11152K, committed 11392K, reserved 1058816K
  class space    used 1312K, capacity 1391K, committed 1408K, reserved 1048576K
}
Event: 4.651 GC heap before
{Heap before GC invocations=2 (full 0):
 PSYoungGen      total 76288K, used 56857K [0x000000076b400000, 0x0000000770900000, 0x00000007c0000000)
  eden space 65536K, 83% used [0x000000076b400000,0x000000076e999280,0x000000076f400000)
  from space 10752K, 18% used [0x000000076f400000,0x000000076f5ed260,0x000000076fe80000)
  to   space 10752K, 0% used [0x000000076fe80000,0x000000076fe80000,0x0000000770900000)
 ParOldGen       total 175104K, used 39313K [0x00000006c1c00000, 0x00000006cc700000, 0x000000076b400000)
  object space 175104K, 22% used [0x00000006c1c00000,0x00000006c4264548,0x00000006cc700000)
 Metaspace       used 10853K, capacity 11152K, committed 11392K, reserved 1058816K
  class space    used 1312K, capacity 1391K, committed 1408K, reserved 1048576K
Event: 4.664 GC heap after
Heap after GC invocations=2 (full 0):
 PSYoungGen      total 76288K, used 1940K [0x000000076b400000, 0x0000000774900000, 0x00000007c0000000)
  eden space 65536K, 0% used [0x000000076b400000,0x000000076b400000,0x000000076f400000)
  from space 10752K, 18% used [0x000000076fe80000,0x0000000770065260,0x0000000770900000)
  to   space 10752K, 0% used [0x000000076f400000,0x000000076f400000,0x000000076fe80000)
 ParOldGen       total 175104K, used 117931K [0x00000006c1c00000, 0x00000006cc700000, 0x000000076b400000)
  object space 175104K, 67% used [0x00000006c1c00000,0x00000006c8f2afd8,0x00000006cc700000)
 Metaspace       used 10853K, capacity 11152K, committed 11392K, reserved 1058816K
  class space    used 1312K, capacity 1391K, committed 1408K, reserved 1048576K
}
Event: 4.664 GC heap before
{Heap before GC invocations=3 (full 1):
 PSYoungGen      total 76288K, used 1940K [0x000000076b400000, 0x0000000774900000, 0x00000007c0000000)
  eden space 65536K, 0% used [0x000000076b400000,0x000000076b400000,0x000000076f400000)
  from space 10752K, 18% used [0x000000076fe80000,0x0000000770065260,0x0000000770900000)
  to   space 10752K, 0% used [0x000000076f400000,0x000000076f400000,0x000000076fe80000)
 ParOldGen       total 175104K, used 117931K [0x00000006c1c00000, 0x00000006cc700000, 0x000000076b400000)
  object space 175104K, 67% used [0x00000006c1c00000,0x00000006c8f2afd8,0x00000006cc700000)
 Metaspace       used 10853K, capacity 11152K, committed 11392K, reserved 1058816K
  class space    used 1312K, capacity 1391K, committed 1408K, reserved 1048576K
Event: 4.678 GC heap after
Heap after GC invocations=3 (full 1):
 PSYoungGen      total 76288K, used 0K [0x000000076b400000, 0x0000000774900000, 0x00000007c0000000)
  eden space 65536K, 0% used [0x000000076b400000,0x000000076b400000,0x000000076f400000)
  from space 10752K, 0% used [0x000000076fe80000,0x000000076fe80000,0x0000000770900000)
  to   space 10752K, 0% used [0x000000076f400000,0x000000076f400000,0x000000076fe80000)
 ParOldGen       total 199168K, used 41059K [0x00000006c1c00000, 0x00000006cde80000, 0x000000076b400000)
  object space 199168K, 20% used [0x00000006c1c00000,0x00000006c4418ce0,0x00000006cde80000)
 Metaspace       used 10853K, capacity 11152K, committed 11392K, reserved 1058816K
  class space    used 1312K, capacity 1391K, committed 1408K, reserved 1048576K
}
Event: 7.844 GC heap before
{Heap before GC invocations=4 (full 1):
 PSYoungGen      total 76288K, used 65536K [0x000000076b400000, 0x0000000774900000, 0x00000007c0000000)
  eden space 65536K, 100% used [0x000000076b400000,0x000000076f400000,0x000000076f400000)
  from space 10752K, 0% used [0x000000076fe80000,0x000000076fe80000,0x0000000770900000)
  to   space 10752K, 0% used [0x000000076f400000,0x000000076f400000,0x000000076fe80000)
 ParOldGen       total 199168K, used 41059K [0x00000006c1c00000, 0x00000006cde80000, 0x000000076b400000)
  object space 199168K, 20% used [0x00000006c1c00000,0x00000006c4418ce0,0x00000006cde80000)
 Metaspace       used 14437K, capacity 14730K, committed 14976K, reserved 1062912K
  class space    used 1716K, capacity 1812K, committed 1920K, reserved 1048576K
Event: 7.849 GC heap after
Heap after GC invocations=4 (full 1):
 PSYoungGen      total 76288K, used 8671K [0x000000076b400000, 0x0000000774400000, 0x00000007c0000000)
  eden space 65536K, 0% used [0x000000076b400000,0x000000076b400000,0x000000076f400000)
  from space 10752K, 80% used [0x000000076f400000,0x000000076fc77f28,0x000000076fe80000)
  to   space 10752K, 0% used [0x0000000773980000,0x0000000773980000,0x0000000774400000)
 ParOldGen       total 199168K, used 80372K [0x00000006c1c00000, 0x00000006cde80000, 0x000000076b400000)
  object space 199168K, 40% used [0x00000006c1c00000,0x00000006c6a7d228,0x00000006cde80000)
 Metaspace       used 14437K, capacity 14730K, committed 14976K, reserved 1062912K
  class space    used 1716K, capacity 1812K, committed 1920K, reserved 1048576K
}

