# JRE version: Java(TM) SE Runtime Environment (8.0_231-b11) (build 1.8.0_231-b11)
# Java VM: Java HotSpot(TM) 64-Bit Server VM (25.231-b11 mixed mode windows-amd64 compressed oops)
Heap:
 PSYoungGen      total 237056K, used 215022K [0x000000076b400000, 0x000000077be80000, 0x00000007c0000000)
  eden space 213504K, 91% used [0x000000076b400000,0x000000077739d640,0x0000000778480000)
  from space 23552K, 79% used [0x000000077a780000,0x000000077b9de2c8,0x000000077be80000)
  to   space 29696K, 0% used [0x0000000778480000,0x0000000778480000,0x000000077a180000)
 ParOldGen       total 250880K, used 122139K [0x00000006c1c00000, 0x00000006d1100000, 0x000000076b400000)
  object space 250880K, 48% used [0x00000006c1c00000,0x00000006c9346e48,0x00000006d1100000)
 Metaspace       used 19629K, capacity 19908K, committed 20352K, reserved 1067008K
  class space    used 2257K, capacity 2333K, committed 2432K, reserved 1048576K
GC Heap History (10 events):
Event: 124.342 GC heap before
{Heap before GC invocations=6 (full 1):
 PSYoungGen      total 133632K, used 125648K [0x000000076b400000, 0x0000000774300000, 0x00000007c0000000)
  eden space 122880K, 93% used [0x000000076b400000,0x000000077243a198,0x0000000772c00000)
  from space 10752K, 99% used [0x0000000773880000,0x00000007742fa068,0x0000000774300000)
  to   space 10752K, 0% used [0x0000000772e00000,0x0000000772e00000,0x0000000773880000)
 ParOldGen       total 200192K, used 96873K [0x00000006c1c00000, 0x00000006cdf80000, 0x000000076b400000)
  object space 200192K, 48% used [0x00000006c1c00000,0x00000006c7a9a660,0x00000006cdf80000)
 Metaspace       used 19075K, capacity 19396K, committed 19840K, reserved 1067008K
  class space    used 2231K, capacity 2333K, committed 2432K, reserved 1048576K
Event: 124.356 GC heap after
Heap after GC invocations=6 (full 1):
 PSYoungGen      total 135680K, used 10489K [0x000000076b400000, 0x000000077be80000, 0x00000007c0000000)
  eden space 124928K, 0% used [0x000000076b400000,0x000000076b400000,0x0000000772e00000)
  from space 10752K, 97% used [0x0000000772e00000,0x000000077383e518,0x0000000773880000)
  to   space 23552K, 0% used [0x000000077a780000,0x000000077a780000,0x000000077be80000)
 ParOldGen       total 200192K, used 170327K [0x00000006c1c00000, 0x00000006cdf80000, 0x000000076b400000)
  object space 200192K, 85% used [0x00000006c1c00000,0x00000006cc255dc8,0x00000006cdf80000)
 Metaspace       used 19075K, capacity 19396K, committed 19840K, reserved 1067008K
  class space    used 2231K, capacity 2333K, committed 2432K, reserved 1048576K
}
Event: 124.356 GC heap before
{Heap before GC invocations=7 (full 2):
 PSYoungGen      total 135680K, used 10489K [0x000000076b400000, 0x000000077be80000, 0x00000007c0000000)
  eden space 124928K, 0% used [0x000000076b400000,0x000000076b400000,0x0000000772e00000)
  from space 10752K, 97% used [0x0000000772e00000,0x000000077383e518,0x0000000773880000)
  to   space 23552K, 0% used [0x000000077a780000,0x000000077a780000,0x000000077be80000)
 ParOldGen       total 200192K, used 170327K [0x00000006c1c00000, 0x00000006cdf80000, 0x000000076b400000)
  object space 200192K, 85% used [0x00000006c1c00000,0x00000006cc255dc8,0x00000006cdf80000)
 Metaspace       used 19075K, capacity 19396K, committed 19840K, reserved 1067008K
  class space    used 2231K, capacity 2333K, committed 2432K, reserved 1048576K
Event: 124.380 GC heap after
Heap after GC invocations=7 (full 2):
 PSYoungGen      total 135680K, used 0K [0x000000076b400000, 0x000000077be80000, 0x00000007c0000000)
  eden space 124928K, 0% used [0x000000076b400000,0x000000076b400000,0x0000000772e00000)
  from space 10752K, 0% used [0x0000000772e00000,0x0000000772e00000,0x0000000773880000)
  to   space 23552K, 0% used [0x000000077a780000,0x000000077a780000,0x000000077be80000)
 ParOldGen       total 250880K, used 73293K [0x00000006c1c00000, 0x00000006d1100000, 0x000000076b400000)
  object space 250880K, 29% used [0x00000006c1c00000,0x00000006c6393680,0x00000006d1100000)
 Metaspace       used 19075K, capacity 19396K, committed 19840K, reserved 1067008K
  class space    used 2231K, capacity 2333K, committed 2432K, reserved 1048576K
}
Event: 135.610 GC heap before
{Heap before GC invocations=8 (full 2):
 PSYoungGen      total 135680K, used 123801K [0x000000076b400000, 0x000000077be80000, 0x00000007c0000000)
  eden space 124928K, 99% used [0x000000076b400000,0x0000000772ce6430,0x0000000772e00000)
  from space 10752K, 0% used [0x0000000772e00000,0x0000000772e00000,0x0000000773880000)
  to   space 23552K, 0% used [0x000000077a780000,0x000000077a780000,0x000000077be80000)
 ParOldGen       total 250880K, used 73293K [0x00000006c1c00000, 0x00000006d1100000, 0x000000076b400000)
  object space 250880K, 29% used [0x00000006c1c00000,0x00000006c6393680,0x00000006d1100000)
 Metaspace       used 19158K, capacity 19460K, committed 19840K, reserved 1067008K
  class space    used 2233K, capacity 2333K, committed 2432K, reserved 1048576K
Event: 135.618 GC heap after
Heap after GC invocations=8 (full 2):
 PSYoungGen      total 245248K, used 20539K [0x000000076b400000, 0x000000077cf80000, 0x00000007c0000000)
  eden space 221696K, 0% used [0x000000076b400000,0x000000076b400000,0x0000000778c80000)
  from space 23552K, 87% used [0x000000077a780000,0x000000077bb8ee40,0x000000077be80000)
  to   space 27648K, 0% used [0x0000000778c80000,0x0000000778c80000,0x000000077a780000)
 ParOldGen       total 250880K, used 122123K [0x00000006c1c00000, 0x00000006d1100000, 0x000000076b400000)
  object space 250880K, 48% used [0x00000006c1c00000,0x00000006c9342e48,0x00000006d1100000)
 Metaspace       used 19158K, capacity 19460K, committed 19840K, reserved 1067008K
  class space    used 2233K, capacity 2333K, committed 2432K, reserved 1048576K
}
Event: 136.572 GC heap before
{Heap before GC invocations=9 (full 2):
 PSYoungGen      total 245248K, used 239912K [0x000000076b400000, 0x000000077cf80000, 0x00000007c0000000)
  eden space 221696K, 98% used [0x000000076b400000,0x0000000778a3b3d0,0x0000000778c80000)
  from space 23552K, 87% used [0x000000077a780000,0x000000077bb8ee40,0x000000077be80000)
  to   space 27648K, 0% used [0x0000000778c80000,0x0000000778c80000,0x000000077a780000)
 ParOldGen       total 250880K, used 122123K [0x00000006c1c00000, 0x00000006d1100000, 0x000000076b400000)
  object space 250880K, 48% used [0x00000006c1c00000,0x00000006c9342e48,0x00000006d1100000)
 Metaspace       used 19276K, capacity 19652K, committed 20096K, reserved 1067008K
  class space    used 2237K, capacity 2333K, committed 2432K, reserved 1048576K
Event: 136.576 GC heap after
Heap after GC invocations=9 (full 2):
 PSYoungGen      total 249344K, used 19134K [0x000000076b400000, 0x000000077cf80000, 0x00000007c0000000)
  eden space 221696K, 0% used [0x000000076b400000,0x000000076b400000,0x0000000778c80000)
  from space 27648K, 69% used [0x0000000778c80000,0x0000000779f2f820,0x000000077a780000)
  to   space 23552K, 0% used [0x000000077a780000,0x000000077a780000,0x000000077be80000)
 ParOldGen       total 250880K, used 122131K [0x00000006c1c00000, 0x00000006d1100000, 0x000000076b400000)
  object space 250880K, 48% used [0x00000006c1c00000,0x00000006c9344e48,0x00000006d1100000)
 Metaspace       used 19276K, capacity 19652K, committed 20096K, reserved 1067008K
  class space    used 2237K, capacity 2333K, committed 2432K, reserved 1048576K
}
Event: 174.148 GC heap before
{Heap before GC invocations=10 (full 2):
 PSYoungGen      total 249344K, used 237106K [0x000000076b400000, 0x000000077cf80000, 0x00000007c0000000)
  eden space 221696K, 98% used [0x000000076b400000,0x00000007788dd1c8,0x0000000778c80000)
  from space 27648K, 69% used [0x0000000778c80000,0x0000000779f2f820,0x000000077a780000)
  to   space 23552K, 0% used [0x000000077a780000,0x000000077a780000,0x000000077be80000)
 ParOldGen       total 250880K, used 122131K [0x00000006c1c00000, 0x00000006d1100000, 0x000000076b400000)
  object space 250880K, 48% used [0x00000006c1c00000,0x00000006c9344e48,0x00000006d1100000)
 Metaspace       used 19493K, capacity 19844K, committed 20096K, reserved 1067008K
  class space    used 2249K, capacity 2333K, committed 2432K, reserved 1048576K
Event: 174.151 GC heap after
Heap after GC invocations=10 (full 2):
 PSYoungGen      total 237056K, used 18808K [0x000000076b400000, 0x000000077be80000, 0x00000007c0000000)
  eden space 213504K, 0% used [0x000000076b400000,0x000000076b400000,0x0000000778480000)
  from space 23552K, 79% used [0x000000077a780000,0x000000077b9de2c8,0x000000077be80000)
  to   space 29696K, 0% used [0x0000000778480000,0x0000000778480000,0x000000077a180000)
 ParOldGen       total 250880K, used 122139K [0x00000006c1c00000, 0x00000006d1100000, 0x000000076b400000)
  object space 250880K, 48% used [0x00000006c1c00000,0x00000006c9346e48,0x00000006d1100000)
 Metaspace       used 19493K, capacity 19844K, committed 20096K, reserved 1067008K
  class space    used 2249K, capacity 2333K, committed 2432K, reserved 1048576K
}

