# JRE version: Java(TM) SE Runtime Environment (8.0_231-b11) (build 1.8.0_231-b11)
# Java VM: Java HotSpot(TM) 64-Bit Server VM (25.231-b11 mixed mode windows-amd64 compressed oops)
Heap:
 PSYoungGen      total 295936K, used 15515K [0x000000076b400000, 0x0000000784000000, 0x00000007c0000000)
  eden space 209920K, 7% used [0x000000076b400000,0x000000076c326e98,0x0000000778100000)
  from space 86016K, 0% used [0x0000000778100000,0x0000000778100000,0x000000077d500000)
  to   space 68096K, 0% used [0x000000077d500000,0x000000077d500000,0x0000000781780000)
 ParOldGen       total 260096K, used 74017K [0x00000006c1c00000, 0x00000006d1a00000, 0x000000076b400000)
  object space 260096K, 28% used [0x00000006c1c00000,0x00000006c6448610,0x00000006d1a00000)
 Metaspace       used 20259K, capacity 20688K, committed 20992K, reserved 1067008K
  class space    used 2361K, capacity 2477K, committed 2560K, reserved 1048576K
GC Heap History (10 events):
Event: 35.795 GC heap before
{Heap before GC invocations=6 (full 1):
 PSYoungGen      total 134144K, used 134134K [0x000000076b400000, 0x0000000774300000, 0x00000007c0000000)
  eden space 123392K, 100% used [0x000000076b400000,0x0000000772c80000,0x0000000772c80000)
  from space 10752K, 99% used [0x0000000773880000,0x00000007742fdaa8,0x0000000774300000)
  to   space 10752K, 0% used [0x0000000772e00000,0x0000000772e00000,0x0000000773880000)
 ParOldGen       total 199680K, used 90682K [0x00000006c1c00000, 0x00000006cdf00000, 0x000000076b400000)
  object space 199680K, 45% used [0x00000006c1c00000,0x00000006c748ea80,0x00000006cdf00000)
 Metaspace       used 18857K, capacity 19236K, committed 19456K, reserved 1067008K
  class space    used 2217K, capacity 2303K, committed 2304K, reserved 1048576K
Event: 35.807 GC heap after
Heap after GC invocations=6 (full 1):
 PSYoungGen      total 135680K, used 10735K [0x000000076b400000, 0x0000000781780000, 0x00000007c0000000)
  eden space 124928K, 0% used [0x000000076b400000,0x000000076b400000,0x0000000772e00000)
  from space 10752K, 99% used [0x0000000772e00000,0x000000077387bfb8,0x0000000773880000)
  to   space 68096K, 0% used [0x000000077d500000,0x000000077d500000,0x0000000781780000)
 ParOldGen       total 199680K, used 160561K [0x00000006c1c00000, 0x00000006cdf00000, 0x000000076b400000)
  object space 199680K, 80% used [0x00000006c1c00000,0x00000006cb8cc7f8,0x00000006cdf00000)
 Metaspace       used 18857K, capacity 19236K, committed 19456K, reserved 1067008K
  class space    used 2217K, capacity 2303K, committed 2304K, reserved 1048576K
}
Event: 35.807 GC heap before
{Heap before GC invocations=7 (full 2):
 PSYoungGen      total 135680K, used 10735K [0x000000076b400000, 0x0000000781780000, 0x00000007c0000000)
  eden space 124928K, 0% used [0x000000076b400000,0x000000076b400000,0x0000000772e00000)
  from space 10752K, 99% used [0x0000000772e00000,0x000000077387bfb8,0x0000000773880000)
  to   space 68096K, 0% used [0x000000077d500000,0x000000077d500000,0x0000000781780000)
 ParOldGen       total 199680K, used 160561K [0x00000006c1c00000, 0x00000006cdf00000, 0x000000076b400000)
  object space 199680K, 80% used [0x00000006c1c00000,0x00000006cb8cc7f8,0x00000006cdf00000)
 Metaspace       used 18857K, capacity 19236K, committed 19456K, reserved 1067008K
  class space    used 2217K, capacity 2303K, committed 2304K, reserved 1048576K
Event: 35.831 GC heap after
Heap after GC invocations=7 (full 2):
 PSYoungGen      total 135680K, used 0K [0x000000076b400000, 0x0000000781780000, 0x00000007c0000000)
  eden space 124928K, 0% used [0x000000076b400000,0x000000076b400000,0x0000000772e00000)
  from space 10752K, 0% used [0x0000000772e00000,0x0000000772e00000,0x0000000773880000)
  to   space 68096K, 0% used [0x000000077d500000,0x000000077d500000,0x0000000781780000)
 ParOldGen       total 256000K, used 78397K [0x00000006c1c00000, 0x00000006d1600000, 0x000000076b400000)
  object space 256000K, 30% used [0x00000006c1c00000,0x00000006c688f540,0x00000006d1600000)
 Metaspace       used 18857K, capacity 19236K, committed 19456K, reserved 1067008K
  class space    used 2217K, capacity 2303K, committed 2304K, reserved 1048576K
}
Event: 43.620 GC heap before
{Heap before GC invocations=8 (full 2):
 PSYoungGen      total 135680K, used 120269K [0x000000076b400000, 0x0000000781780000, 0x00000007c0000000)
  eden space 124928K, 96% used [0x000000076b400000,0x0000000772973490,0x0000000772e00000)
  from space 10752K, 0% used [0x0000000772e00000,0x0000000772e00000,0x0000000773880000)
  to   space 68096K, 0% used [0x000000077d500000,0x000000077d500000,0x0000000781780000)
 ParOldGen       total 256000K, used 78397K [0x00000006c1c00000, 0x00000006d1600000, 0x000000076b400000)
  object space 256000K, 30% used [0x00000006c1c00000,0x00000006c688f540,0x00000006d1600000)
 Metaspace       used 18942K, capacity 19244K, committed 19456K, reserved 1067008K
  class space    used 2218K, capacity 2303K, committed 2304K, reserved 1048576K
Event: 43.630 GC heap after
Heap after GC invocations=8 (full 2):
 PSYoungGen      total 278016K, used 67184K [0x000000076b400000, 0x0000000784000000, 0x00000007c0000000)
  eden space 209920K, 0% used [0x000000076b400000,0x000000076b400000,0x0000000778100000)
  from space 68096K, 98% used [0x000000077d500000,0x000000078169c1b8,0x0000000781780000)
  to   space 86016K, 0% used [0x0000000778100000,0x0000000778100000,0x000000077d500000)
 ParOldGen       total 256000K, used 95421K [0x00000006c1c00000, 0x00000006d1600000, 0x000000076b400000)
  object space 256000K, 37% used [0x00000006c1c00000,0x00000006c792f650,0x00000006d1600000)
 Metaspace       used 18942K, capacity 19244K, committed 19456K, reserved 1067008K
  class space    used 2218K, capacity 2303K, committed 2304K, reserved 1048576K
}
Event: 152.686 GC heap before
{Heap before GC invocations=9 (full 2):
 PSYoungGen      total 278016K, used 275273K [0x000000076b400000, 0x0000000784000000, 0x00000007c0000000)
  eden space 209920K, 99% used [0x000000076b400000,0x0000000777f365e0,0x0000000778100000)
  from space 68096K, 98% used [0x000000077d500000,0x000000078169c1b8,0x0000000781780000)
  to   space 86016K, 0% used [0x0000000778100000,0x0000000778100000,0x000000077d500000)
 ParOldGen       total 256000K, used 95421K [0x00000006c1c00000, 0x00000006d1600000, 0x000000076b400000)
  object space 256000K, 37% used [0x00000006c1c00000,0x00000006c792f650,0x00000006d1600000)
 Metaspace       used 20116K, capacity 20490K, committed 20864K, reserved 1067008K
  class space    used 2333K, capacity 2412K, committed 2432K, reserved 1048576K
Event: 152.701 GC heap after
Heap after GC invocations=9 (full 2):
 PSYoungGen      total 295936K, used 81527K [0x000000076b400000, 0x0000000784000000, 0x00000007c0000000)
  eden space 209920K, 0% used [0x000000076b400000,0x000000076b400000,0x0000000778100000)
  from space 86016K, 94% used [0x0000000778100000,0x000000077d09ddd8,0x000000077d500000)
  to   space 68096K, 0% used [0x000000077d500000,0x000000077d500000,0x0000000781780000)
 ParOldGen       total 256000K, used 160011K [0x00000006c1c00000, 0x00000006d1600000, 0x000000076b400000)
  object space 256000K, 62% used [0x00000006c1c00000,0x00000006cb842ee0,0x00000006d1600000)
 Metaspace       used 20116K, capacity 20490K, committed 20864K, reserved 1067008K
  class space    used 2333K, capacity 2412K, committed 2432K, reserved 1048576K
}
Event: 152.701 GC heap before
{Heap before GC invocations=10 (full 3):
 PSYoungGen      total 295936K, used 81527K [0x000000076b400000, 0x0000000784000000, 0x00000007c0000000)
  eden space 209920K, 0% used [0x000000076b400000,0x000000076b400000,0x0000000778100000)
  from space 86016K, 94% used [0x0000000778100000,0x000000077d09ddd8,0x000000077d500000)
  to   space 68096K, 0% used [0x000000077d500000,0x000000077d500000,0x0000000781780000)
 ParOldGen       total 256000K, used 160011K [0x00000006c1c00000, 0x00000006d1600000, 0x000000076b400000)
  object space 256000K, 62% used [0x00000006c1c00000,0x00000006cb842ee0,0x00000006d1600000)
 Metaspace       used 20116K, capacity 20490K, committed 20864K, reserved 1067008K
  class space    used 2333K, capacity 2412K, committed 2432K, reserved 1048576K
Event: 152.735 GC heap after
Heap after GC invocations=10 (full 3):
 PSYoungGen      total 295936K, used 0K [0x000000076b400000, 0x0000000784000000, 0x00000007c0000000)
  eden space 209920K, 0% used [0x000000076b400000,0x000000076b400000,0x0000000778100000)
  from space 86016K, 0% used [0x0000000778100000,0x0000000778100000,0x000000077d500000)
  to   space 68096K, 0% used [0x000000077d500000,0x000000077d500000,0x0000000781780000)
 ParOldGen       total 260096K, used 74017K [0x00000006c1c00000, 0x00000006d1a00000, 0x000000076b400000)
  object space 260096K, 28% used [0x00000006c1c00000,0x00000006c6448610,0x00000006d1a00000)
 Metaspace       used 20116K, capacity 20490K, committed 20864K, reserved 1067008K
  class space    used 2333K, capacity 2412K, committed 2432K, reserved 1048576K
}

