# JRE version: Java(TM) SE Runtime Environment (8.0_231-b11) (build 1.8.0_231-b11)
# Java VM: Java HotSpot(TM) 64-Bit Server VM (25.231-b11 mixed mode windows-amd64 compressed oops)
Heap:
 PSYoungGen      total 151552K, used 29198K [0x000000076b400000, 0x000000077c880000, 0x00000007c0000000)
  eden space 125952K, 23% used [0x000000076b400000,0x000000076d0838d0,0x0000000772f00000)
  from space 25600K, 0% used [0x000000077af80000,0x000000077af80000,0x000000077c880000)
  to   space 10752K, 0% used [0x0000000772f00000,0x0000000772f00000,0x0000000773980000)
 ParOldGen       total 199168K, used 98952K [0x00000006c1c00000, 0x00000006cde80000, 0x000000076b400000)
  object space 199168K, 49% used [0x00000006c1c00000,0x00000006c7ca22b0,0x00000006cde80000)
 Metaspace       used 19056K, capacity 19372K, committed 19712K, reserved 1067008K
  class space    used 2235K, capacity 2303K, committed 2304K, reserved 1048576K
GC Heap History (10 events):
Event: 14.037 GC heap before
{Heap before GC invocations=5 (full 1):
 PSYoungGen      total 76288K, used 72359K [0x000000076b400000, 0x0000000774400000, 0x00000007c0000000)
  eden space 65536K, 100% used [0x000000076b400000,0x000000076f400000,0x000000076f400000)
  from space 10752K, 63% used [0x000000076f400000,0x000000076faa9c88,0x000000076fe80000)
  to   space 10752K, 0% used [0x0000000773980000,0x0000000773980000,0x0000000774400000)
 ParOldGen       total 199168K, used 80370K [0x00000006c1c00000, 0x00000006cde80000, 0x000000076b400000)
  object space 199168K, 40% used [0x00000006c1c00000,0x00000006c6a7cb28,0x00000006cde80000)
 Metaspace       used 17211K, capacity 17590K, committed 17792K, reserved 1064960K
  class space    used 2044K, capacity 2140K, committed 2176K, reserved 1048576K
Event: 14.042 GC heap after
Heap after GC invocations=5 (full 1):
 PSYoungGen      total 135168K, used 10735K [0x000000076b400000, 0x0000000774400000, 0x00000007c0000000)
  eden space 124416K, 0% used [0x000000076b400000,0x000000076b400000,0x0000000772d80000)
  from space 10752K, 99% used [0x0000000773980000,0x00000007743fbf48,0x0000000774400000)
  to   space 10752K, 0% used [0x0000000772f00000,0x0000000772f00000,0x0000000773980000)
 ParOldGen       total 199168K, used 101672K [0x00000006c1c00000, 0x00000006cde80000, 0x000000076b400000)
  object space 199168K, 51% used [0x00000006c1c00000,0x00000006c7f4a268,0x00000006cde80000)
 Metaspace       used 17211K, capacity 17590K, committed 17792K, reserved 1064960K
  class space    used 2044K, capacity 2140K, committed 2176K, reserved 1048576K
}
Event: 21.990 GC heap before
{Heap before GC invocations=6 (full 1):
 PSYoungGen      total 135168K, used 130179K [0x000000076b400000, 0x0000000774400000, 0x00000007c0000000)
  eden space 124416K, 96% used [0x000000076b400000,0x00000007728a4f50,0x0000000772d80000)
  from space 10752K, 99% used [0x0000000773980000,0x00000007743fbf48,0x0000000774400000)
  to   space 10752K, 0% used [0x0000000772f00000,0x0000000772f00000,0x0000000773980000)
 ParOldGen       total 199168K, used 101672K [0x00000006c1c00000, 0x00000006cde80000, 0x000000076b400000)
  object space 199168K, 51% used [0x00000006c1c00000,0x00000006c7f4a268,0x00000006cde80000)
 Metaspace       used 18728K, capacity 19044K, committed 19456K, reserved 1067008K
  class space    used 2218K, capacity 2303K, committed 2304K, reserved 1048576K
Event: 22.005 GC heap after
Heap after GC invocations=6 (full 1):
 PSYoungGen      total 136704K, used 10699K [0x000000076b400000, 0x000000077c880000, 0x00000007c0000000)
  eden space 125952K, 0% used [0x000000076b400000,0x000000076b400000,0x0000000772f00000)
  from space 10752K, 99% used [0x0000000772f00000,0x0000000773972d48,0x0000000773980000)
  to   space 25600K, 0% used [0x000000077af80000,0x000000077af80000,0x000000077c880000)
 ParOldGen       total 199168K, used 181630K [0x00000006c1c00000, 0x00000006cde80000, 0x000000076b400000)
  object space 199168K, 91% used [0x00000006c1c00000,0x00000006ccd5fa18,0x00000006cde80000)
 Metaspace       used 18728K, capacity 19044K, committed 19456K, reserved 1067008K
  class space    used 2218K, capacity 2303K, committed 2304K, reserved 1048576K
}
Event: 22.005 GC heap before
{Heap before GC invocations=7 (full 2):
 PSYoungGen      total 136704K, used 10699K [0x000000076b400000, 0x000000077c880000, 0x00000007c0000000)
  eden space 125952K, 0% used [0x000000076b400000,0x000000076b400000,0x0000000772f00000)
  from space 10752K, 99% used [0x0000000772f00000,0x0000000773972d48,0x0000000773980000)
  to   space 25600K, 0% used [0x000000077af80000,0x000000077af80000,0x000000077c880000)
 ParOldGen       total 199168K, used 181630K [0x00000006c1c00000, 0x00000006cde80000, 0x000000076b400000)
  object space 199168K, 91% used [0x00000006c1c00000,0x00000006ccd5fa18,0x00000006cde80000)
 Metaspace       used 18728K, capacity 19044K, committed 19456K, reserved 1067008K
  class space    used 2218K, capacity 2303K, committed 2304K, reserved 1048576K
Event: 22.028 GC heap after
Heap after GC invocations=7 (full 2):
 PSYoungGen      total 136704K, used 0K [0x000000076b400000, 0x000000077c880000, 0x00000007c0000000)
  eden space 125952K, 0% used [0x000000076b400000,0x000000076b400000,0x0000000772f00000)
  from space 10752K, 0% used [0x0000000772f00000,0x0000000772f00000,0x0000000773980000)
  to   space 25600K, 0% used [0x000000077af80000,0x000000077af80000,0x000000077c880000)
 ParOldGen       total 199168K, used 81119K [0x00000006c1c00000, 0x00000006cde80000, 0x000000076b400000)
  object space 199168K, 40% used [0x00000006c1c00000,0x00000006c6b37d28,0x00000006cde80000)
 Metaspace       used 18728K, capacity 19044K, committed 19456K, reserved 1067008K
  class space    used 2218K, capacity 2303K, committed 2304K, reserved 1048576K
}
Event: 53.226 GC heap before
{Heap before GC invocations=8 (full 2):
 PSYoungGen      total 136704K, used 125952K [0x000000076b400000, 0x000000077c880000, 0x00000007c0000000)
  eden space 125952K, 100% used [0x000000076b400000,0x0000000772f00000,0x0000000772f00000)
  from space 10752K, 0% used [0x0000000772f00000,0x0000000772f00000,0x0000000773980000)
  to   space 25600K, 0% used [0x000000077af80000,0x000000077af80000,0x000000077c880000)
 ParOldGen       total 199168K, used 81119K [0x00000006c1c00000, 0x00000006cde80000, 0x000000076b400000)
  object space 199168K, 40% used [0x00000006c1c00000,0x00000006c6b37d28,0x00000006cde80000)
 Metaspace       used 18953K, capacity 19300K, committed 19712K, reserved 1067008K
  class space    used 2228K, capacity 2303K, committed 2304K, reserved 1048576K
Event: 53.244 GC heap after
Heap after GC invocations=8 (full 2):
 PSYoungGen      total 151552K, used 25031K [0x000000076b400000, 0x000000077c880000, 0x00000007c0000000)
  eden space 125952K, 0% used [0x000000076b400000,0x000000076b400000,0x0000000772f00000)
  from space 25600K, 97% used [0x000000077af80000,0x000000077c7f1c90,0x000000077c880000)
  to   space 10752K, 0% used [0x0000000772f00000,0x0000000772f00000,0x0000000773980000)
 ParOldGen       total 199168K, used 130451K [0x00000006c1c00000, 0x00000006cde80000, 0x000000076b400000)
  object space 199168K, 65% used [0x00000006c1c00000,0x00000006c9b64e58,0x00000006cde80000)
 Metaspace       used 18953K, capacity 19300K, committed 19712K, reserved 1067008K
  class space    used 2228K, capacity 2303K, committed 2304K, reserved 1048576K
}
Event: 53.244 GC heap before
{Heap before GC invocations=9 (full 3):
 PSYoungGen      total 151552K, used 25031K [0x000000076b400000, 0x000000077c880000, 0x00000007c0000000)
  eden space 125952K, 0% used [0x000000076b400000,0x000000076b400000,0x0000000772f00000)
  from space 25600K, 97% used [0x000000077af80000,0x000000077c7f1c90,0x000000077c880000)
  to   space 10752K, 0% used [0x0000000772f00000,0x0000000772f00000,0x0000000773980000)
 ParOldGen       total 199168K, used 130451K [0x00000006c1c00000, 0x00000006cde80000, 0x000000076b400000)
  object space 199168K, 65% used [0x00000006c1c00000,0x00000006c9b64e58,0x00000006cde80000)
 Metaspace       used 18953K, capacity 19300K, committed 19712K, reserved 1067008K
  class space    used 2228K, capacity 2303K, committed 2304K, reserved 1048576K
Event: 53.289 GC heap after
Heap after GC invocations=9 (full 3):
 PSYoungGen      total 151552K, used 0K [0x000000076b400000, 0x000000077c880000, 0x00000007c0000000)
  eden space 125952K, 0% used [0x000000076b400000,0x000000076b400000,0x0000000772f00000)
  from space 25600K, 0% used [0x000000077af80000,0x000000077af80000,0x000000077c880000)
  to   space 10752K, 0% used [0x0000000772f00000,0x0000000772f00000,0x0000000773980000)
 ParOldGen       total 199168K, used 98952K [0x00000006c1c00000, 0x00000006cde80000, 0x000000076b400000)
  object space 199168K, 49% used [0x00000006c1c00000,0x00000006c7ca22b0,0x00000006cde80000)
 Metaspace       used 18953K, capacity 19300K, committed 19712K, reserved 1067008K
  class space    used 2228K, capacity 2303K, committed 2304K, reserved 1048576K
}

